# JRE version: OpenJDK Runtime Environment Temurin-21.0.5+11 (21.0.5+11) (build 21.0.5+11-LTS)
# Java VM: OpenJDK 64-Bit Server VM Temurin-21.0.5+11 (21.0.5+11-LTS, mixed mode, sharing, tiered, compressed oops, compressed class ptrs, g1 gc, windows-amd64)
GC Precious Log:
 CardTable entry size: 512
 Card Set container configuration: InlinePtr #cards 4 size 8 Array Of Cards #cards 16 size 48 Howl #buckets 8 coarsen threshold 3686 Howl Bitmap #cards 512 size 80 coarsen threshold 460 Card regions per heap region 1 cards per card region 4096
 CPUs: 12 total, 12 available
 Memory: 15690M
 Large Page Support: Disabled
 NUMA Support: Disabled
 Compressed Oops: Enabled (Zero based)
 Heap Region Size: 2M
 Heap Min Capacity: 8M
 Heap Initial Capacity: 246M
 Heap Max Capacity: 3924M
 Pre-touch: Disabled
 Parallel Workers: 10
 Concurrent Workers: 3
 Concurrent Refinement Workers: 10
 Periodic GC: Disabled
Heap:
 garbage-first heap   total 147456K, used 46773K [0x000000070ac00000, 0x0000000800000000)
  region size 2048K, 11 young (22528K), 3 survivors (6144K)
 Metaspace       used 26429K, committed 26880K, reserved 1114112K
  class space    used 2873K, committed 3072K, reserved 1048576K
GC Heap History (20 events):
Event: 57.848 GC heap before
{Heap before GC invocations=17 (full 0):
 garbage-first heap   total 147456K, used 113330K [0x000000070ac00000, 0x0000000800000000)
  region size 2048K, 43 young (88064K), 3 survivors (6144K)
 Metaspace       used 25841K, committed 26240K, reserved 1114112K
  class space    used 2857K, committed 3072K, reserved 1048576K
}
Event: 57.849 GC heap after
{Heap after GC invocations=18 (full 0):
 garbage-first heap   total 147456K, used 33458K [0x000000070ac00000, 0x0000000800000000)
  region size 2048K, 3 young (6144K), 3 survivors (6144K)
 Metaspace       used 25841K, committed 26240K, reserved 1114112K
  class space    used 2857K, committed 3072K, reserved 1048576K
}
Event: 58.714 GC heap before
{Heap before GC invocations=18 (full 0):
 garbage-first heap   total 147456K, used 113330K [0x000000070ac00000, 0x0000000800000000)
  region size 2048K, 43 young (88064K), 3 survivors (6144K)
 Metaspace       used 25908K, committed 26304K, reserved 1114112K
  class space    used 2857K, committed 3072K, reserved 1048576K
}
Event: 58.716 GC heap after
{Heap after GC invocations=19 (full 0):
 garbage-first heap   total 147456K, used 35506K [0x000000070ac00000, 0x0000000800000000)
  region size 2048K, 4 young (8192K), 4 survivors (8192K)
 Metaspace       used 25908K, committed 26304K, reserved 1114112K
  class space    used 2857K, committed 3072K, reserved 1048576K
}
Event: 59.595 GC heap before
{Heap before GC invocations=19 (full 0):
 garbage-first heap   total 147456K, used 113330K [0x000000070ac00000, 0x0000000800000000)
  region size 2048K, 43 young (88064K), 4 survivors (8192K)
 Metaspace       used 25930K, committed 26368K, reserved 1114112K
  class space    used 2857K, committed 3072K, reserved 1048576K
}
Event: 59.596 GC heap after
{Heap after GC invocations=20 (full 0):
 garbage-first heap   total 147456K, used 34358K [0x000000070ac00000, 0x0000000800000000)
  region size 2048K, 3 young (6144K), 3 survivors (6144K)
 Metaspace       used 25930K, committed 26368K, reserved 1114112K
  class space    used 2857K, committed 3072K, reserved 1048576K
}
Event: 60.487 GC heap before
{Heap before GC invocations=20 (full 0):
 garbage-first heap   total 147456K, used 114230K [0x000000070ac00000, 0x0000000800000000)
  region size 2048K, 43 young (88064K), 3 survivors (6144K)
 Metaspace       used 26062K, committed 26496K, reserved 1114112K
  class space    used 2857K, committed 3072K, reserved 1048576K
}
Event: 60.487 GC heap after
{Heap after GC invocations=21 (full 0):
 garbage-first heap   total 147456K, used 31428K [0x000000070ac00000, 0x0000000800000000)
  region size 2048K, 2 young (4096K), 2 survivors (4096K)
 Metaspace       used 26062K, committed 26496K, reserved 1114112K
  class space    used 2857K, committed 3072K, reserved 1048576K
}
Event: 61.382 GC heap before
{Heap before GC invocations=21 (full 0):
 garbage-first heap   total 147456K, used 113348K [0x000000070ac00000, 0x0000000800000000)
  region size 2048K, 43 young (88064K), 2 survivors (4096K)
 Metaspace       used 26109K, committed 26560K, reserved 1114112K
  class space    used 2859K, committed 3072K, reserved 1048576K
}
Event: 61.383 GC heap after
{Heap after GC invocations=22 (full 0):
 garbage-first heap   total 147456K, used 31435K [0x000000070ac00000, 0x0000000800000000)
  region size 2048K, 2 young (4096K), 2 survivors (4096K)
 Metaspace       used 26109K, committed 26560K, reserved 1114112K
  class space    used 2859K, committed 3072K, reserved 1048576K
}
Event: 62.280 GC heap before
{Heap before GC invocations=22 (full 0):
 garbage-first heap   total 147456K, used 113355K [0x000000070ac00000, 0x0000000800000000)
  region size 2048K, 43 young (88064K), 2 survivors (4096K)
 Metaspace       used 26236K, committed 26624K, reserved 1114112K
  class space    used 2871K, committed 3072K, reserved 1048576K
}
Event: 62.282 GC heap after
{Heap after GC invocations=23 (full 0):
 garbage-first heap   total 147456K, used 32398K [0x000000070ac00000, 0x0000000800000000)
  region size 2048K, 2 young (4096K), 2 survivors (4096K)
 Metaspace       used 26236K, committed 26624K, reserved 1114112K
  class space    used 2871K, committed 3072K, reserved 1048576K
}
Event: 63.194 GC heap before
{Heap before GC invocations=23 (full 0):
 garbage-first heap   total 147456K, used 114318K [0x000000070ac00000, 0x0000000800000000)
  region size 2048K, 43 young (88064K), 2 survivors (4096K)
 Metaspace       used 26292K, committed 26688K, reserved 1114112K
  class space    used 2873K, committed 3072K, reserved 1048576K
}
Event: 63.195 GC heap after
{Heap after GC invocations=24 (full 0):
 garbage-first heap   total 147456K, used 38229K [0x000000070ac00000, 0x0000000800000000)
  region size 2048K, 5 young (10240K), 5 survivors (10240K)
 Metaspace       used 26292K, committed 26688K, reserved 1114112K
  class space    used 2873K, committed 3072K, reserved 1048576K
}
Event: 64.022 GC heap before
{Heap before GC invocations=24 (full 0):
 garbage-first heap   total 147456K, used 114005K [0x000000070ac00000, 0x0000000800000000)
  region size 2048K, 43 young (88064K), 5 survivors (10240K)
 Metaspace       used 26368K, committed 26752K, reserved 1114112K
  class space    used 2873K, committed 3072K, reserved 1048576K
}
Event: 64.024 GC heap after
{Heap after GC invocations=25 (full 0):
 garbage-first heap   total 147456K, used 36410K [0x000000070ac00000, 0x0000000800000000)
  region size 2048K, 4 young (8192K), 4 survivors (8192K)
 Metaspace       used 26368K, committed 26752K, reserved 1114112K
  class space    used 2873K, committed 3072K, reserved 1048576K
}
Event: 64.890 GC heap before
{Heap before GC invocations=25 (full 0):
 garbage-first heap   total 147456K, used 114234K [0x000000070ac00000, 0x0000000800000000)
  region size 2048K, 43 young (88064K), 4 survivors (8192K)
 Metaspace       used 26425K, committed 26816K, reserved 1114112K
  class space    used 2873K, committed 3072K, reserved 1048576K
}
Event: 64.891 GC heap after
{Heap after GC invocations=26 (full 0):
 garbage-first heap   total 147456K, used 36191K [0x000000070ac00000, 0x0000000800000000)
  region size 2048K, 4 young (8192K), 4 survivors (8192K)
 Metaspace       used 26425K, committed 26816K, reserved 1114112K
  class space    used 2873K, committed 3072K, reserved 1048576K
}
Event: 65.750 GC heap before
{Heap before GC invocations=26 (full 0):
 garbage-first heap   total 147456K, used 114015K [0x000000070ac00000, 0x0000000800000000)
  region size 2048K, 43 young (88064K), 4 survivors (8192K)
 Metaspace       used 26425K, committed 26816K, reserved 1114112K
  class space    used 2873K, committed 3072K, reserved 1048576K
}
Event: 65.751 GC heap after
{Heap after GC invocations=27 (full 0):
 garbage-first heap   total 147456K, used 33633K [0x000000070ac00000, 0x0000000800000000)
  region size 2048K, 3 young (6144K), 3 survivors (6144K)
 Metaspace       used 26425K, committed 26816K, reserved 1114112K
  class space    used 2873K, committed 3072K, reserved 1048576K
}

