# JRE version: OpenJDK Runtime Environment Temurin-21.0.5+11 (21.0.5+11) (build 21.0.5+11-LTS)
# Java VM: OpenJDK 64-Bit Server VM Temurin-21.0.5+11 (21.0.5+11-LTS, mixed mode, sharing, tiered, compressed oops, compressed class ptrs, g1 gc, windows-amd64)
GC Precious Log:
 CardTable entry size: 512
 Card Set container configuration: InlinePtr #cards 4 size 8 Array Of Cards #cards 16 size 48 Howl #buckets 8 coarsen threshold 3686 Howl Bitmap #cards 512 size 80 coarsen threshold 460 Card regions per heap region 1 cards per card region 4096
 CPUs: 12 total, 12 available
 Memory: 15690M
 Large Page Support: Disabled
 NUMA Support: Disabled
 Compressed Oops: Enabled (Zero based)
 Heap Region Size: 2M
 Heap Min Capacity: 8M
 Heap Initial Capacity: 246M
 Heap Max Capacity: 3924M
 Pre-touch: Disabled
 Parallel Workers: 10
 Concurrent Workers: 3
 Concurrent Refinement Workers: 10
 Periodic GC: Disabled
Heap:
 garbage-first heap   total 149504K, used 86774K [0x000000070ac00000, 0x0000000800000000)
  region size 2048K, 14 young (28672K), 3 survivors (6144K)
 Metaspace       used 34920K, committed 35392K, reserved 1114112K
  class space    used 3762K, committed 3968K, reserved 1048576K
GC Heap History (20 events):
Event: 595.513 GC heap before
{Heap before GC invocations=665 (full 0):
 garbage-first heap   total 149504K, used 129292K [0x000000070ac00000, 0x0000000800000000)
  region size 2048K, 35 young (71680K), 3 survivors (6144K)
 Metaspace       used 34833K, committed 35328K, reserved 1114112K
  class space    used 3762K, committed 3968K, reserved 1048576K
}
Event: 595.515 GC heap after
{Heap after GC invocations=666 (full 0):
 garbage-first heap   total 149504K, used 67852K [0x000000070ac00000, 0x0000000800000000)
  region size 2048K, 4 young (8192K), 4 survivors (8192K)
 Metaspace       used 34833K, committed 35328K, reserved 1114112K
  class space    used 3762K, committed 3968K, reserved 1048576K
}
Event: 596.198 GC heap before
{Heap before GC invocations=666 (full 0):
 garbage-first heap   total 149504K, used 127244K [0x000000070ac00000, 0x0000000800000000)
  region size 2048K, 34 young (69632K), 4 survivors (8192K)
 Metaspace       used 34833K, committed 35328K, reserved 1114112K
  class space    used 3762K, committed 3968K, reserved 1048576K
}
Event: 596.199 GC heap after
{Heap after GC invocations=667 (full 0):
 garbage-first heap   total 149504K, used 66704K [0x000000070ac00000, 0x0000000800000000)
  region size 2048K, 3 young (6144K), 3 survivors (6144K)
 Metaspace       used 34833K, committed 35328K, reserved 1114112K
  class space    used 3762K, committed 3968K, reserved 1048576K
}
Event: 596.929 GC heap before
{Heap before GC invocations=667 (full 0):
 garbage-first heap   total 149504K, used 130192K [0x000000070ac00000, 0x0000000800000000)
  region size 2048K, 35 young (71680K), 3 survivors (6144K)
 Metaspace       used 34833K, committed 35328K, reserved 1114112K
  class space    used 3762K, committed 3968K, reserved 1048576K
}
Event: 596.930 GC heap after
{Heap after GC invocations=668 (full 0):
 garbage-first heap   total 149504K, used 65804K [0x000000070ac00000, 0x0000000800000000)
  region size 2048K, 3 young (6144K), 3 survivors (6144K)
 Metaspace       used 34833K, committed 35328K, reserved 1114112K
  class space    used 3762K, committed 3968K, reserved 1048576K
}
Event: 597.603 GC heap before
{Heap before GC invocations=668 (full 0):
 garbage-first heap   total 149504K, used 129292K [0x000000070ac00000, 0x0000000800000000)
  region size 2048K, 35 young (71680K), 3 survivors (6144K)
 Metaspace       used 34833K, committed 35328K, reserved 1114112K
  class space    used 3762K, committed 3968K, reserved 1048576K
}
Event: 597.604 GC heap after
{Heap after GC invocations=669 (full 0):
 garbage-first heap   total 149504K, used 64658K [0x000000070ac00000, 0x0000000800000000)
  region size 2048K, 2 young (4096K), 2 survivors (4096K)
 Metaspace       used 34833K, committed 35328K, reserved 1114112K
  class space    used 3762K, committed 3968K, reserved 1048576K
}
Event: 598.336 GC heap before
{Heap before GC invocations=669 (full 0):
 garbage-first heap   total 149504K, used 132242K [0x000000070ac00000, 0x0000000800000000)
  region size 2048K, 36 young (73728K), 2 survivors (4096K)
 Metaspace       used 34894K, committed 35392K, reserved 1114112K
  class space    used 3762K, committed 3968K, reserved 1048576K
}
Event: 598.337 GC heap after
{Heap after GC invocations=670 (full 0):
 garbage-first heap   total 149504K, used 64832K [0x000000070ac00000, 0x0000000800000000)
  region size 2048K, 2 young (4096K), 2 survivors (4096K)
 Metaspace       used 34894K, committed 35392K, reserved 1114112K
  class space    used 3762K, committed 3968K, reserved 1048576K
}
Event: 599.107 GC heap before
{Heap before GC invocations=670 (full 0):
 garbage-first heap   total 149504K, used 132416K [0x000000070ac00000, 0x0000000800000000)
  region size 2048K, 36 young (73728K), 2 survivors (4096K)
 Metaspace       used 34894K, committed 35392K, reserved 1114112K
  class space    used 3762K, committed 3968K, reserved 1048576K
}
Event: 599.108 GC heap after
{Heap after GC invocations=671 (full 0):
 garbage-first heap   total 149504K, used 66840K [0x000000070ac00000, 0x0000000800000000)
  region size 2048K, 3 young (6144K), 3 survivors (6144K)
 Metaspace       used 34894K, committed 35392K, reserved 1114112K
  class space    used 3762K, committed 3968K, reserved 1048576K
}
Event: 599.795 GC heap before
{Heap before GC invocations=671 (full 0):
 garbage-first heap   total 149504K, used 130328K [0x000000070ac00000, 0x0000000800000000)
  region size 2048K, 35 young (71680K), 3 survivors (6144K)
 Metaspace       used 34911K, committed 35392K, reserved 1114112K
  class space    used 3762K, committed 3968K, reserved 1048576K
}
Event: 599.796 GC heap after
{Heap after GC invocations=672 (full 0):
 garbage-first heap   total 149504K, used 68752K [0x000000070ac00000, 0x0000000800000000)
  region size 2048K, 4 young (8192K), 4 survivors (8192K)
 Metaspace       used 34911K, committed 35392K, reserved 1114112K
  class space    used 3762K, committed 3968K, reserved 1048576K
}
Event: 600.434 GC heap before
{Heap before GC invocations=672 (full 0):
 garbage-first heap   total 149504K, used 128144K [0x000000070ac00000, 0x0000000800000000)
  region size 2048K, 34 young (69632K), 4 survivors (8192K)
 Metaspace       used 34912K, committed 35392K, reserved 1114112K
  class space    used 3762K, committed 3968K, reserved 1048576K
}
Event: 600.436 GC heap after
{Heap after GC invocations=673 (full 0):
 garbage-first heap   total 149504K, used 68760K [0x000000070ac00000, 0x0000000800000000)
  region size 2048K, 4 young (8192K), 4 survivors (8192K)
 Metaspace       used 34912K, committed 35392K, reserved 1114112K
  class space    used 3762K, committed 3968K, reserved 1048576K
}
Event: 601.110 GC heap before
{Heap before GC invocations=673 (full 0):
 garbage-first heap   total 149504K, used 128152K [0x000000070ac00000, 0x0000000800000000)
  region size 2048K, 34 young (69632K), 4 survivors (8192K)
 Metaspace       used 34912K, committed 35392K, reserved 1114112K
  class space    used 3762K, committed 3968K, reserved 1048576K
}
Event: 601.112 GC heap after
{Heap after GC invocations=674 (full 0):
 garbage-first heap   total 149504K, used 66676K [0x000000070ac00000, 0x0000000800000000)
  region size 2048K, 3 young (6144K), 3 survivors (6144K)
 Metaspace       used 34912K, committed 35392K, reserved 1114112K
  class space    used 3762K, committed 3968K, reserved 1048576K
}
Event: 601.825 GC heap before
{Heap before GC invocations=674 (full 0):
 garbage-first heap   total 149504K, used 130164K [0x000000070ac00000, 0x0000000800000000)
  region size 2048K, 35 young (71680K), 3 survivors (6144K)
 Metaspace       used 34920K, committed 35392K, reserved 1114112K
  class space    used 3762K, committed 3968K, reserved 1048576K
}
Event: 601.827 GC heap after
{Heap after GC invocations=675 (full 0):
 garbage-first heap   total 149504K, used 69242K [0x000000070ac00000, 0x0000000800000000)
  region size 2048K, 3 young (6144K), 3 survivors (6144K)
 Metaspace       used 34920K, committed 35392K, reserved 1114112K
  class space    used 3762K, committed 3968K, reserved 1048576K
}

