# JRE version: OpenJDK Runtime Environment Temurin-21.0.5+11 (21.0.5+11) (build 21.0.5+11-LTS)
# Java VM: OpenJDK 64-Bit Server VM Temurin-21.0.5+11 (21.0.5+11-LTS, mixed mode, sharing, tiered, compressed oops, compressed class ptrs, g1 gc, windows-amd64)
GC Precious Log:
 CardTable entry size: 512
 Card Set container configuration: InlinePtr #cards 4 size 8 Array Of Cards #cards 16 size 48 Howl #buckets 8 coarsen threshold 3686 Howl Bitmap #cards 512 size 80 coarsen threshold 460 Card regions per heap region 1 cards per card region 4096
 CPUs: 12 total, 12 available
 Memory: 15690M
 Large Page Support: Disabled
 NUMA Support: Disabled
 Compressed Oops: Enabled (Zero based)
 Heap Region Size: 2M
 Heap Min Capacity: 8M
 Heap Initial Capacity: 246M
 Heap Max Capacity: 3924M
 Pre-touch: Disabled
 Parallel Workers: 10
 Concurrent Workers: 3
 Concurrent Refinement Workers: 10
 Periodic GC: Disabled
Heap:
 garbage-first heap   total 225280K, used 129926K [0x000000070ac00000, 0x0000000800000000)
  region size 2048K, 10 young (20480K), 1 survivors (2048K)
 Metaspace       used 27676K, committed 28096K, reserved 1114112K
  class space    used 3128K, committed 3328K, reserved 1048576K
GC Heap History (20 events):
Event: 100.650 GC heap before
{Heap before GC invocations=57 (full 0):
 garbage-first heap   total 90112K, used 69386K [0x000000070ac00000, 0x0000000800000000)
  region size 2048K, 12 young (24576K), 3 survivors (6144K)
 Metaspace       used 27624K, committed 27968K, reserved 1114112K
  class space    used 3128K, committed 3328K, reserved 1048576K
}
Event: 100.653 GC heap after
{Heap after GC invocations=58 (full 0):
 garbage-first heap   total 90112K, used 58244K [0x000000070ac00000, 0x0000000800000000)
  region size 2048K, 2 young (4096K), 2 survivors (4096K)
 Metaspace       used 27624K, committed 27968K, reserved 1114112K
  class space    used 3128K, committed 3328K, reserved 1048576K
}
Event: 100.778 GC heap before
{Heap before GC invocations=58 (full 0):
 garbage-first heap   total 90112K, used 70532K [0x000000070ac00000, 0x0000000800000000)
  region size 2048K, 9 young (18432K), 2 survivors (4096K)
 Metaspace       used 27624K, committed 27968K, reserved 1114112K
  class space    used 3128K, committed 3328K, reserved 1048576K
}
Event: 100.780 GC heap after
{Heap after GC invocations=59 (full 0):
 garbage-first heap   total 90112K, used 63240K [0x000000070ac00000, 0x0000000800000000)
  region size 2048K, 2 young (4096K), 2 survivors (4096K)
 Metaspace       used 27624K, committed 27968K, reserved 1114112K
  class space    used 3128K, committed 3328K, reserved 1048576K
}
Event: 100.921 GC heap before
{Heap before GC invocations=59 (full 0):
 garbage-first heap   total 90112K, used 73480K [0x000000070ac00000, 0x0000000800000000)
  region size 2048K, 8 young (16384K), 2 survivors (4096K)
 Metaspace       used 27624K, committed 27968K, reserved 1114112K
  class space    used 3128K, committed 3328K, reserved 1048576K
}
Event: 100.926 GC heap after
{Heap after GC invocations=60 (full 0):
 garbage-first heap   total 108544K, used 70532K [0x000000070ac00000, 0x0000000800000000)
  region size 2048K, 1 young (2048K), 1 survivors (2048K)
 Metaspace       used 27624K, committed 27968K, reserved 1114112K
  class space    used 3128K, committed 3328K, reserved 1048576K
}
Event: 101.113 GC heap before
{Heap before GC invocations=60 (full 0):
 garbage-first heap   total 108544K, used 84868K [0x000000070ac00000, 0x0000000800000000)
  region size 2048K, 9 young (18432K), 1 survivors (2048K)
 Metaspace       used 27624K, committed 27968K, reserved 1114112K
  class space    used 3128K, committed 3328K, reserved 1048576K
}
Event: 101.115 GC heap after
{Heap after GC invocations=61 (full 0):
 garbage-first heap   total 108544K, used 76676K [0x000000070ac00000, 0x0000000800000000)
  region size 2048K, 2 young (4096K), 2 survivors (4096K)
 Metaspace       used 27624K, committed 27968K, reserved 1114112K
  class space    used 3128K, committed 3328K, reserved 1048576K
}
Event: 101.251 GC heap before
{Heap before GC invocations=61 (full 0):
 garbage-first heap   total 108544K, used 86916K [0x000000070ac00000, 0x0000000800000000)
  region size 2048K, 8 young (16384K), 2 survivors (4096K)
 Metaspace       used 27624K, committed 27968K, reserved 1114112K
  class space    used 3128K, committed 3328K, reserved 1048576K
}
Event: 101.253 GC heap after
{Heap after GC invocations=62 (full 0):
 garbage-first heap   total 108544K, used 80772K [0x000000070ac00000, 0x0000000800000000)
  region size 2048K, 1 young (2048K), 1 survivors (2048K)
 Metaspace       used 27624K, committed 27968K, reserved 1114112K
  class space    used 3128K, committed 3328K, reserved 1048576K
}
Event: 101.379 GC heap before
{Heap before GC invocations=62 (full 0):
 garbage-first heap   total 108544K, used 88964K [0x000000070ac00000, 0x0000000800000000)
  region size 2048K, 6 young (12288K), 1 survivors (2048K)
 Metaspace       used 27625K, committed 27968K, reserved 1114112K
  class space    used 3128K, committed 3328K, reserved 1048576K
}
Event: 101.381 GC heap after
{Heap after GC invocations=63 (full 0):
 garbage-first heap   total 108544K, used 86916K [0x000000070ac00000, 0x0000000800000000)
  region size 2048K, 1 young (2048K), 1 survivors (2048K)
 Metaspace       used 27625K, committed 27968K, reserved 1114112K
  class space    used 3128K, committed 3328K, reserved 1048576K
}
Event: 101.445 GC heap before
{Heap before GC invocations=63 (full 0):
 garbage-first heap   total 108544K, used 93060K [0x000000070ac00000, 0x0000000800000000)
  region size 2048K, 5 young (10240K), 1 survivors (2048K)
 Metaspace       used 27676K, committed 28096K, reserved 1114112K
  class space    used 3128K, committed 3328K, reserved 1048576K
}
Event: 101.447 GC heap after
{Heap after GC invocations=64 (full 0):
 garbage-first heap   total 108544K, used 93062K [0x000000070ac00000, 0x0000000800000000)
  region size 2048K, 1 young (2048K), 1 survivors (2048K)
 Metaspace       used 27676K, committed 28096K, reserved 1114112K
  class space    used 3128K, committed 3328K, reserved 1048576K
}
Event: 101.513 GC heap before
{Heap before GC invocations=64 (full 0):
 garbage-first heap   total 108544K, used 95110K [0x000000070ac00000, 0x0000000800000000)
  region size 2048K, 3 young (6144K), 1 survivors (2048K)
 Metaspace       used 27676K, committed 28096K, reserved 1114112K
  class space    used 3128K, committed 3328K, reserved 1048576K
}
Event: 101.518 GC heap after
{Heap after GC invocations=65 (full 0):
 garbage-first heap   total 131072K, used 98056K [0x000000070ac00000, 0x0000000800000000)
  region size 2048K, 1 young (2048K), 1 survivors (2048K)
 Metaspace       used 27676K, committed 28096K, reserved 1114112K
  class space    used 3128K, committed 3328K, reserved 1048576K
}
Event: 101.720 GC heap before
{Heap before GC invocations=65 (full 0):
 garbage-first heap   total 131072K, used 108296K [0x000000070ac00000, 0x0000000800000000)
  region size 2048K, 7 young (14336K), 1 survivors (2048K)
 Metaspace       used 27676K, committed 28096K, reserved 1114112K
  class space    used 3128K, committed 3328K, reserved 1048576K
}
Event: 101.721 GC heap after
{Heap after GC invocations=66 (full 0):
 garbage-first heap   total 131072K, used 103300K [0x000000070ac00000, 0x0000000800000000)
  region size 2048K, 1 young (2048K), 1 survivors (2048K)
 Metaspace       used 27676K, committed 28096K, reserved 1114112K
  class space    used 3128K, committed 3328K, reserved 1048576K
}
Event: 101.734 GC heap before
{Heap before GC invocations=66 (full 0):
 garbage-first heap   total 131072K, used 111492K [0x000000070ac00000, 0x0000000800000000)
  region size 2048K, 6 young (12288K), 1 survivors (2048K)
 Metaspace       used 27676K, committed 28096K, reserved 1114112K
  class space    used 3128K, committed 3328K, reserved 1048576K
}
Event: 101.736 GC heap after
{Heap after GC invocations=67 (full 0):
 garbage-first heap   total 131072K, used 106248K [0x000000070ac00000, 0x0000000800000000)
  region size 2048K, 1 young (2048K), 1 survivors (2048K)
 Metaspace       used 27676K, committed 28096K, reserved 1114112K
  class space    used 3128K, committed 3328K, reserved 1048576K
}

